<?xml version="1.0" encoding="UTF-8"?>
<testng-results skipped="0" failed="0" total="1" passed="1">
  <reporter-output>
  </reporter-output>
  <suite name="Default suite" duration-ms="4353" started-at="2018-02-13T21:38:52Z" finished-at="2018-02-13T21:38:56Z">
    <groups>
    </groups>
    <test name="Default test" duration-ms="4353" started-at="2018-02-13T21:38:52Z" finished-at="2018-02-13T21:38:56Z">
      <class name="exercises.Exercise8">
        <test-method status="PASS" signature="testExercise8()[pri:0, instance:exercises.Exercise8@4c70fda8]" name="testExercise8" duration-ms="4337" started-at="2018-02-13T21:38:52Z" finished-at="2018-02-13T21:38:56Z">
          <reporter-output>
          </reporter-output>
        </test-method> <!-- testExercise8 -->
      </class> <!-- exercises.Exercise8 -->
    </test> <!-- Default test -->
  </suite> <!-- Default suite -->
</testng-results>
